d:\netease_1\2.directx\d3dspace\d3dspace\x64\debug\camera.obj
d:\netease_1\2.directx\d3dspace\d3dspace\x64\debug\skinedbox.obj
d:\netease_1\2.directx\d3dspace\d3dspace\x64\debug\graphics.obj
d:\netease_1\2.directx\d3dspace\d3dspace\x64\debug\vertexshader.obj
d:\netease_1\2.directx\d3dspace\d3dspace\x64\debug\bindable.obj
d:\netease_1\2.directx\d3dspace\d3dspace\x64\debug\pyramid.obj
d:\netease_1\2.directx\d3dspace\d3dspace\x64\debug\imgui_impl_dx11.obj
d:\netease_1\2.directx\d3dspace\d3dspace\x64\debug\surface.obj
d:\netease_1\2.directx\d3dspace\d3dspace\x64\debug\asstest.obj
d:\netease_1\2.directx\d3dspace\d3dspace\x64\debug\vertexbuffer.obj
d:\netease_1\2.directx\d3dspace\d3dspace\x64\debug\box.obj
d:\netease_1\2.directx\d3dspace\d3dspace\x64\debug\transformcbuf.obj
d:\netease_1\2.directx\d3dspace\d3dspace\x64\debug\imgui_demo.obj
d:\netease_1\2.directx\d3dspace\d3dspace\x64\debug\imgui_widgets.obj
d:\netease_1\2.directx\d3dspace\d3dspace\x64\debug\keyboard.obj
d:\netease_1\2.directx\d3dspace\d3dspace\x64\debug\pixelshader.obj
d:\netease_1\2.directx\d3dspace\d3dspace\x64\debug\gdiplusmanager.obj
d:\netease_1\2.directx\d3dspace\d3dspace\x64\debug\myexception.obj
d:\netease_1\2.directx\d3dspace\d3dspace\x64\debug\sampler.obj
d:\netease_1\2.directx\d3dspace\d3dspace\x64\debug\dxgiinfomanager.obj
d:\netease_1\2.directx\d3dspace\d3dspace\x64\debug\texture.obj
d:\netease_1\2.directx\d3dspace\d3dspace\x64\debug\imgui_draw.obj
d:\netease_1\2.directx\d3dspace\d3dspace\x64\debug\indexbuffer.obj
d:\netease_1\2.directx\d3dspace\d3dspace\x64\debug\window.obj
d:\netease_1\2.directx\d3dspace\d3dspace\x64\debug\drawable.obj
d:\netease_1\2.directx\d3dspace\d3dspace\x64\debug\solidsphere.obj
d:\netease_1\2.directx\d3dspace\d3dspace\x64\debug\imgui.obj
d:\netease_1\2.directx\d3dspace\d3dspace\x64\debug\inputlayout.obj
d:\netease_1\2.directx\d3dspace\d3dspace\x64\debug\windowsmessagemap.obj
d:\netease_1\2.directx\d3dspace\d3dspace\x64\debug\imguimanager.obj
d:\netease_1\2.directx\d3dspace\d3dspace\x64\debug\imgui_impl_win32.obj
d:\netease_1\2.directx\d3dspace\d3dspace\x64\debug\mouse.obj
d:\netease_1\2.directx\d3dspace\d3dspace\x64\debug\pointlight.obj
d:\netease_1\2.directx\d3dspace\d3dspace\x64\debug\cylinder.obj
d:\netease_1\2.directx\d3dspace\d3dspace\x64\debug\topology.obj
d:\netease_1\2.directx\d3dspace\d3dspace\x64\debug\dxerr.obj
d:\netease_1\2.directx\d3dspace\d3dspace\x64\debug\mytimer.obj
d:\netease_1\2.directx\d3dspace\d3dspace\x64\debug\winmain.obj
d:\netease_1\2.directx\d3dspace\d3dspace\x64\debug\app.obj
d:\netease_1\2.directx\d3dspace\d3dspace\x64\debug\vc142.pdb
d:\netease_1\2.directx\d3dspace\d3dspace\x64\debug\sun.obj
d:\netease_1\2.directx\d3dspace\d3dspace\x64\debug\skinnedbox.obj
d:\netease_1\2.directx\d3dspace\d3dspace\x64\debug\earth.obj
d:\netease_1\2.directx\d3dspace\d3dspace\x64\debug\moon.obj
d:\netease_1\2.directx\d3dspace\d3dspace\x64\debug\vehicle.obj
d:\netease_1\2.directx\d3dspace\d3dspace\x64\debug\vc142.idb
d:\netease_1\2.directx\d3dspace\d3dspace\texphongspecmapps.cso
d:\netease_1\2.directx\d3dspace\d3dspace\texbgps.cso
d:\netease_1\2.directx\d3dspace\d3dspace\texturedps.cso
d:\netease_1\2.directx\d3dspace\d3dspace\texbgvs.cso
d:\netease_1\2.directx\d3dspace\d3dspace\texturedvs.cso
d:\netease_1\2.directx\d3dspace\d3dspace\moonphongps.cso
d:\netease_1\2.directx\d3dspace\d3dspace\texturedphongvs.cso
d:\netease_1\2.directx\d3dspace\d3dspace\earthphongps.cso
d:\netease_1\2.directx\d3dspace\x64\debug\d3dspace.exe
d:\netease_1\2.directx\d3dspace\d3dspace\x64\debug\d3dspace.ilk
d:\netease_1\2.directx\d3dspace\x64\debug\d3dspace.pdb
d:\netease_1\2.directx\d3dspace\d3dspace\x64\debug\d3dspace.res
d:\netease_1\2.directx\d3dspace\d3dspace\x64\debug\d3dspace.tlog\cl.command.1.tlog
d:\netease_1\2.directx\d3dspace\d3dspace\x64\debug\d3dspace.tlog\cl.read.1.tlog
d:\netease_1\2.directx\d3dspace\d3dspace\x64\debug\d3dspace.tlog\cl.write.1.tlog
d:\netease_1\2.directx\d3dspace\d3dspace\x64\debug\d3dspace.tlog\fxc.command.1.tlog
d:\netease_1\2.directx\d3dspace\d3dspace\x64\debug\d3dspace.tlog\fxc.read.1.tlog
d:\netease_1\2.directx\d3dspace\d3dspace\x64\debug\d3dspace.tlog\fxc.write.1.tlog
d:\netease_1\2.directx\d3dspace\d3dspace\x64\debug\d3dspace.tlog\link.command.1.tlog
d:\netease_1\2.directx\d3dspace\d3dspace\x64\debug\d3dspace.tlog\link.read.1.tlog
d:\netease_1\2.directx\d3dspace\d3dspace\x64\debug\d3dspace.tlog\link.write.1.tlog
d:\netease_1\2.directx\d3dspace\d3dspace\x64\debug\d3dspace.tlog\rc.command.1.tlog
d:\netease_1\2.directx\d3dspace\d3dspace\x64\debug\d3dspace.tlog\rc.read.1.tlog
d:\netease_1\2.directx\d3dspace\d3dspace\x64\debug\d3dspace.tlog\rc.write.1.tlog
